This is pdfTeX, Version 3.14159265-2.6-1.40.20 (TeX Live 2019/Debian) (preloaded format=pdflatex 2024.3.27)  26 FEB 2026 13:59
entering extended mode
 restricted \write18 enabled.
 %&-line parsing enabled.
**aa-tautau.tex
(./aa-tautau.tex
LaTeX2e <2020-02-02> patch level 2
L3 programming layer <2020-02-14>
(/usr/share/texlive/texmf-dist/tex/latex/base/article.cls
Document Class: article 2019/12/20 v1.4l Standard LaTeX document class
(/usr/share/texlive/texmf-dist/tex/latex/base/size12.clo
File: size12.clo 2019/12/20 v1.4l Standard LaTeX file (size option)
)
\c@part=\count167
\c@section=\count168
\c@subsection=\count169
\c@subsubsection=\count170
\c@paragraph=\count171
\c@subparagraph=\count172
\c@figure=\count173
\c@table=\count174
\abovecaptionskip=\skip47
\belowcaptionskip=\skip48
\bibindent=\dimen134
)
(/usr/share/texlive/texmf-dist/tex/latex/amsmath/amsmath.sty
Package: amsmath 2020/01/20 v2.17e AMS math features
\@mathmargin=\skip49

For additional information on amsmath, use the `?' option.
(/usr/share/texlive/texmf-dist/tex/latex/amsmath/amstext.sty
Package: amstext 2000/06/29 v2.01 AMS text

(/usr/share/texlive/texmf-dist/tex/latex/amsmath/amsgen.sty
File: amsgen.sty 1999/11/30 v2.0 generic functions
\@emptytoks=\toks14
\ex@=\dimen135
))
(/usr/share/texlive/texmf-dist/tex/latex/amsmath/amsbsy.sty
Package: amsbsy 1999/11/29 v1.2d Bold Symbols
\pmbraise@=\dimen136
)
(/usr/share/texlive/texmf-dist/tex/latex/amsmath/amsopn.sty
Package: amsopn 2016/03/08 v2.02 operator names
)
\inf@bad=\count175
LaTeX Info: Redefining \frac on input line 227.
\uproot@=\count176
\leftroot@=\count177
LaTeX Info: Redefining \overline on input line 389.
\classnum@=\count178
\DOTSCASE@=\count179
LaTeX Info: Redefining \ldots on input line 486.
LaTeX Info: Redefining \dots on input line 489.
LaTeX Info: Redefining \cdots on input line 610.
\Mathstrutbox@=\box45
\strutbox@=\box46
\big@size=\dimen137
LaTeX Font Info:    Redeclaring font encoding OML on input line 733.
LaTeX Font Info:    Redeclaring font encoding OMS on input line 734.
\macc@depth=\count180
\c@MaxMatrixCols=\count181
\dotsspace@=\muskip16
\c@parentequation=\count182
\dspbrk@lvl=\count183
\tag@help=\toks15
\row@=\count184
\column@=\count185
\maxfields@=\count186
\andhelp@=\toks16
\eqnshift@=\dimen138
\alignsep@=\dimen139
\tagshift@=\dimen140
\tagwidth@=\dimen141
\totwidth@=\dimen142
\lineht@=\dimen143
\@envbody=\toks17
\multlinegap=\skip50
\multlinetaggap=\skip51
\mathdisplay@stack=\toks18
LaTeX Info: Redefining \[ on input line 2859.
LaTeX Info: Redefining \] on input line 2860.
)
(/usr/share/texlive/texmf-dist/tex/latex/mathtools/mathtools.sty
Package: mathtools 2020/01/17 v1.23 mathematical typesetting tools

(/usr/share/texlive/texmf-dist/tex/latex/graphics/keyval.sty
Package: keyval 2014/10/28 v1.15 key=value parser (DPC)
\KV@toks@=\toks19
)
(/usr/share/texlive/texmf-dist/tex/latex/tools/calc.sty
Package: calc 2017/05/25 v4.3 Infix arithmetic (KKT,FJ)
\calc@Acount=\count187
\calc@Bcount=\count188
\calc@Adimen=\dimen144
\calc@Bdimen=\dimen145
\calc@Askip=\skip52
\calc@Bskip=\skip53
LaTeX Info: Redefining \setlength on input line 80.
LaTeX Info: Redefining \addtolength on input line 81.
\calc@Ccount=\count189
\calc@Cskip=\skip54
)
(/usr/share/texlive/texmf-dist/tex/latex/mathtools/mhsetup.sty
Package: mhsetup 2017/03/31 v1.3 programming setup (MH)
)
LaTeX Info: Thecontrolsequence`\('isalreadyrobust on input line 129.
LaTeX Info: Thecontrolsequence`\)'isalreadyrobust on input line 129.
LaTeX Info: Thecontrolsequence`\['isalreadyrobust on input line 129.
LaTeX Info: Thecontrolsequence`\]'isalreadyrobust on input line 129.
\g_MT_multlinerow_int=\count190
\l_MT_multwidth_dim=\dimen146
\origjot=\skip55
\l_MT_shortvdotswithinadjustabove_dim=\dimen147
\l_MT_shortvdotswithinadjustbelow_dim=\dimen148
\l_MT_above_intertext_sep=\dimen149
\l_MT_below_intertext_sep=\dimen150
\l_MT_above_shortintertext_sep=\dimen151
\l_MT_below_shortintertext_sep=\dimen152
)
(/usr/share/texlive/texmf-dist/tex/latex/graphics/graphicx.sty
Package: graphicx 2019/11/30 v1.2a Enhanced LaTeX Graphics (DPC,SPQR)

(/usr/share/texlive/texmf-dist/tex/latex/graphics/graphics.sty
Package: graphics 2019/11/30 v1.4a Standard LaTeX Graphics (DPC,SPQR)

(/usr/share/texlive/texmf-dist/tex/latex/graphics/trig.sty
Package: trig 2016/01/03 v1.10 sin cos tan (DPC)
)
(/usr/share/texlive/texmf-dist/tex/latex/graphics-cfg/graphics.cfg
File: graphics.cfg 2016/06/04 v1.11 sample graphics configuration
)
Package graphics Info: Driver file: pdftex.def on input line 105.

(/usr/share/texlive/texmf-dist/tex/latex/graphics-def/pdftex.def
File: pdftex.def 2018/01/08 v1.0l Graphics/color driver for pdftex
))
\Gin@req@height=\dimen153
\Gin@req@width=\dimen154
)
(/usr/share/texlive/texmf-dist/tex/latex/natbib/natbib.sty
Package: natbib 2010/09/13 8.31b (PWD, AO)
\bibhang=\skip56
\bibsep=\skip57
LaTeX Info: Redefining \cite on input line 694.
\c@NAT@ctr=\count191
)
(/usr/share/texlive/texmf-dist/tex/latex/base/fontenc.sty
Package: fontenc 2020/02/11 v2.0o Standard LaTeX package
)
(/usr/share/texlive/texmf-dist/tex/latex/booktabs/booktabs.sty
Package: booktabs 2020/01/12 v1.61803398 Publication quality tables
\heavyrulewidth=\dimen155
\lightrulewidth=\dimen156
\cmidrulewidth=\dimen157
\belowrulesep=\dimen158
\belowbottomsep=\dimen159
\aboverulesep=\dimen160
\abovetopsep=\dimen161
\cmidrulesep=\dimen162
\cmidrulekern=\dimen163
\defaultaddspace=\dimen164
\@cmidla=\count192
\@cmidlb=\count193
\@aboverulesep=\dimen165
\@belowrulesep=\dimen166
\@thisruleclass=\count194
\@lastruleclass=\count195
\@thisrulewidth=\dimen167
)
(/usr/share/texlive/texmf-dist/tex/latex/xcolor/xcolor.sty
Package: xcolor 2016/05/11 v2.12 LaTeX color extensions (UK)

(/usr/share/texlive/texmf-dist/tex/latex/graphics-cfg/color.cfg
File: color.cfg 2016/01/02 v1.6 sample color configuration
)
Package xcolor Info: Driver file: pdftex.def on input line 225.
Package xcolor Info: Model `cmy' substituted by `cmy0' on input line 1348.
Package xcolor Info: Model `hsb' substituted by `rgb' on input line 1352.
Package xcolor Info: Model `RGB' extended on input line 1364.
Package xcolor Info: Model `HTML' substituted by `rgb' on input line 1366.
Package xcolor Info: Model `Hsb' substituted by `hsb' on input line 1367.
Package xcolor Info: Model `tHsb' substituted by `hsb' on input line 1368.
Package xcolor Info: Model `HSB' substituted by `hsb' on input line 1369.
Package xcolor Info: Model `Gray' substituted by `gray' on input line 1370.
Package xcolor Info: Model `wave' substituted by `hsb' on input line 1371.
)
(/usr/share/texlive/texmf-dist/tex/latex/tools/xspace.sty
Package: xspace 2014/10/28 v1.13 Space after command names (DPC,MH)
)
(/usr/share/texlive/texmf-dist/tex/latex/tools/dcolumn.sty
Package: dcolumn 2014/10/28 v1.06 decimal alignment package (DPC)

(/usr/share/texlive/texmf-dist/tex/latex/tools/array.sty
Package: array 2019/08/31 v2.4l Tabular extension package (FMi)
\col@sep=\dimen168
\ar@mcellbox=\box47
\extrarowheight=\dimen169
\NC@list=\toks20
\extratabsurround=\skip58
\backup@length=\skip59
\ar@cellbox=\box48
))
(/usr/share/texlive/texmf-dist/tex/latex/placeins/placeins.sty
Package: placeins 2005/04/18  v 2.2
)
(/usr/share/texlive/texmf-dist/tex/latex/hyperref/hyperref.sty
Package: hyperref 2020/01/14 v7.00d Hypertext links for LaTeX

(/usr/share/texlive/texmf-dist/tex/generic/ltxcmds/ltxcmds.sty
Package: ltxcmds 2019/12/15 v1.24 LaTeX kernel commands for general use (HO)
)
(/usr/share/texlive/texmf-dist/tex/generic/iftex/iftex.sty
Package: iftex 2019/11/07 v1.0c TeX engine tests
)
(/usr/share/texlive/texmf-dist/tex/latex/pdftexcmds/pdftexcmds.sty
Package: pdftexcmds 2019/11/24 v0.31 Utility functions of pdfTeX for LuaTeX (HO
)

(/usr/share/texlive/texmf-dist/tex/generic/infwarerr/infwarerr.sty
Package: infwarerr 2019/12/03 v1.5 Providing info/warning/error messages (HO)
)
Package pdftexcmds Info: \pdf@primitive is available.
Package pdftexcmds Info: \pdf@ifprimitive is available.
Package pdftexcmds Info: \pdfdraftmode found.
)
(/usr/share/texlive/texmf-dist/tex/generic/kvsetkeys/kvsetkeys.sty
Package: kvsetkeys 2019/12/15 v1.18 Key value parser (HO)
)
(/usr/share/texlive/texmf-dist/tex/generic/kvdefinekeys/kvdefinekeys.sty
Package: kvdefinekeys 2019-12-19 v1.6 Define keys (HO)
)
(/usr/share/texlive/texmf-dist/tex/generic/pdfescape/pdfescape.sty
Package: pdfescape 2019/12/09 v1.15 Implements pdfTeX's escape features (HO)
)
(/usr/share/texlive/texmf-dist/tex/latex/hycolor/hycolor.sty
Package: hycolor 2020-01-27 v1.10 Color options for hyperref/bookmark (HO)
)
(/usr/share/texlive/texmf-dist/tex/latex/letltxmacro/letltxmacro.sty
Package: letltxmacro 2019/12/03 v1.6 Let assignment for LaTeX macros (HO)
)
(/usr/share/texlive/texmf-dist/tex/latex/auxhook/auxhook.sty
Package: auxhook 2019-12-17 v1.6 Hooks for auxiliary files (HO)
)
(/usr/share/texlive/texmf-dist/tex/latex/kvoptions/kvoptions.sty
Package: kvoptions 2019/11/29 v3.13 Key value format for package options (HO)
)
\@linkdim=\dimen170
\Hy@linkcounter=\count196
\Hy@pagecounter=\count197

(/usr/share/texlive/texmf-dist/tex/latex/hyperref/pd1enc.def
File: pd1enc.def 2020/01/14 v7.00d Hyperref: PDFDocEncoding definition (HO)
Now handling font encoding PD1 ...
... no UTF-8 mapping file for font encoding PD1
)
(/usr/share/texlive/texmf-dist/tex/generic/intcalc/intcalc.sty
Package: intcalc 2019/12/15 v1.3 Expandable calculations with integers (HO)
)
(/usr/share/texlive/texmf-dist/tex/generic/etexcmds/etexcmds.sty
Package: etexcmds 2019/12/15 v1.7 Avoid name clashes with e-TeX commands (HO)
)
\Hy@SavedSpaceFactor=\count198
\pdfmajorversion=\count199
Package hyperref Info: Option `colorlinks' set `true' on input line 4421.
Package hyperref Info: Hyper figures OFF on input line 4547.
Package hyperref Info: Link nesting OFF on input line 4552.
Package hyperref Info: Hyper index ON on input line 4555.
Package hyperref Info: Plain pages OFF on input line 4562.
Package hyperref Info: Backreferencing OFF on input line 4567.
Package hyperref Info: Implicit mode ON; LaTeX internals redefined.
Package hyperref Info: Bookmarks ON on input line 4800.
\c@Hy@tempcnt=\count266

(/usr/share/texlive/texmf-dist/tex/latex/url/url.sty
\Urlmuskip=\muskip17
Package: url 2013/09/16  ver 3.4  Verb mode for urls, etc.
)
LaTeX Info: Redefining \url on input line 5159.
\XeTeXLinkMargin=\dimen171

(/usr/share/texlive/texmf-dist/tex/generic/bitset/bitset.sty
Package: bitset 2019/12/09 v1.3 Handle bit-vector datatype (HO)

(/usr/share/texlive/texmf-dist/tex/generic/bigintcalc/bigintcalc.sty
Package: bigintcalc 2019/12/15 v1.5 Expandable calculations on big integers (HO
)
))
\Fld@menulength=\count267
\Field@Width=\dimen172
\Fld@charsize=\dimen173
Package hyperref Info: Hyper figures OFF on input line 6430.
Package hyperref Info: Link nesting OFF on input line 6435.
Package hyperref Info: Hyper index ON on input line 6438.
Package hyperref Info: backreferencing OFF on input line 6445.
Package hyperref Info: Link coloring ON on input line 6448.
Package hyperref Info: Link coloring with OCG OFF on input line 6455.
Package hyperref Info: PDF/A mode OFF on input line 6460.
LaTeX Info: Redefining \ref on input line 6500.
LaTeX Info: Redefining \pageref on input line 6504.

(/usr/share/texlive/texmf-dist/tex/generic/atbegshi/atbegshi.sty
Package: atbegshi 2019/12/05 v1.19 At begin shipout hook (HO)
)
\Hy@abspage=\count268
\c@Item=\count269
\c@Hfootnote=\count270
)
Package hyperref Info: Driver (autodetected): hpdftex.

(/usr/share/texlive/texmf-dist/tex/latex/hyperref/hpdftex.def
File: hpdftex.def 2020/01/14 v7.00d Hyperref driver for pdfTeX

(/usr/share/texlive/texmf-dist/tex/latex/atveryend/atveryend.sty
Package: atveryend 2019-12-11 v1.11 Hooks at the very end of document (HO)
Package atveryend Info: \enddocument detected (standard20110627).
)
\Fld@listcount=\count271
\c@bookmark@seq@number=\count272

(/usr/share/texlive/texmf-dist/tex/latex/rerunfilecheck/rerunfilecheck.sty
Package: rerunfilecheck 2019/12/05 v1.9 Rerun checks for auxiliary files (HO)

(/usr/share/texlive/texmf-dist/tex/generic/uniquecounter/uniquecounter.sty
Package: uniquecounter 2019/12/15 v1.4 Provide unlimited unique counter (HO)
)
Package uniquecounter Info: New unique counter `rerunfilecheck' on input line 2
86.
)
\Hy@SectionHShift=\skip60
)
(/usr/share/texlive/texmf-dist/tex/latex/caption/caption.sty
Package: caption 2020/01/03 v3.4h Customizing captions (AR)

(/usr/share/texlive/texmf-dist/tex/latex/caption/caption3.sty
Package: caption3 2020/01/03 v1.8h caption3 kernel (AR)
Package caption3 Info: TeX engine: e-TeX on input line 61.
\captionmargin=\dimen174
\captionmargin@=\dimen175
\captionwidth=\dimen176
\caption@tempdima=\dimen177
\caption@indent=\dimen178
\caption@parindent=\dimen179
\caption@hangindent=\dimen180
Package caption Info: Standard document class detected.
)
\c@caption@flags=\count273
\c@continuedfloat=\count274
Package caption Info: hyperref package is loaded.
)
(/usr/share/texlive/texmf-dist/tex/latex/caption/subcaption.sty
Package: subcaption 2020/01/22 v1.3d Sub-captions (AR)
\c@subfigure=\count275
\c@subtable=\count276
)
(/usr/share/texlive/texmf-dist/tex/latex/multirow/multirow.sty
Package: multirow 2019/05/31 v2.5 Span multiple rows of a table
\multirow@colwidth=\skip61
\multirow@cntb=\count277
\multirow@dima=\skip62
\bigstrutjot=\dimen181
)
(/usr/share/texlive/texmf-dist/tex/latex/carlisle/slashed.sty
Package: slashed 1997/01/16 v0.01 Feynman Slashed Character Notation (DPC)
)
(/usr/share/texlive/texmf-dist/tex/latex/footmisc/footmisc.sty
Package: footmisc 2011/06/06 v5.5b a miscellany of footnote facilities
\FN@temptoken=\toks21
\footnotemargin=\dimen182
\c@pp@next@reset=\count278
Package footmisc Info: Declaring symbol style bringhurst on input line 855.
Package footmisc Info: Declaring symbol style chicago on input line 863.
Package footmisc Info: Declaring symbol style wiley on input line 872.
Package footmisc Info: Declaring symbol style lamport-robust on input line 883.

Package footmisc Info: Declaring symbol style lamport* on input line 903.
Package footmisc Info: Declaring symbol style lamport*-robust on input line 924
.
)
(/usr/share/texlive/texmf-dist/tex/latex/comment/comment.sty
\CommentStream=\write3

Excluding comment 'comment')
(/usr/share/texlive/texmf-dist/tex/latex/bigints/bigints.sty
Package: bigints 2010/02/15 Writing big integrals
Package bigints Info: This is Bigints by Merciadri Luca. on input line 5.
)
(/usr/share/texlive/texmf-dist/tex/latex/tools/hhline.sty
Package: hhline 2020/01/04 v2.04 Table rule package (DPC)
)
(/usr/share/texlive/texmf-dist/tex/generic/ulem/ulem.sty
\UL@box=\box49
\UL@hyphenbox=\box50
\UL@skip=\skip63
\UL@hook=\toks22
\UL@height=\dimen183
\UL@pe=\count279
\UL@pixel=\dimen184
\ULC@box=\box51
Package: ulem 2019/11/18
\ULdepth=\dimen185
)
(/usr/share/texlive/texmf-dist/tex/latex/psnfss/pifont.sty
Package: pifont 2005/04/12 PSNFSS-v9.2a Pi font support (SPQR) 
LaTeX Font Info:    Trying to load font information for U+pzd on input line 63.


(/usr/share/texlive/texmf-dist/tex/latex/psnfss/upzd.fd
File: upzd.fd 2001/06/04 font definitions for U/pzd.
)
LaTeX Font Info:    Trying to load font information for U+psy on input line 64.


(/usr/share/texlive/texmf-dist/tex/latex/psnfss/upsy.fd
File: upsy.fd 2001/06/04 font definitions for U/psy.
)) (./macros.tex
\width=\skip64
\height=\skip65
)
(/usr/share/texlive/texmf-dist/tex/latex/l3backend/l3backend-pdfmode.def
File: l3backend-pdfmode.def 2020-02-03 L3 backend support: PDF mode
\l__kernel_color_stack_int=\count280
\l__pdf_internal_box=\box52
)

LaTeX Warning: Unused global option(s):
    [a4].

(./aa-tautau.aux

LaTeX Warning: Label `fig:UPC_chff_FF_vs_QED' multiply defined.


LaTeX Warning: Label `fig:UPC_chff_FF_vs_QED' multiply defined.


LaTeX Warning: Label `fig:UPC_chff_FF_vs_QED' multiply defined.

)
\openout1 = `aa-tautau.aux'.

LaTeX Font Info:    Checking defaults for OML/cmm/m/it on input line 86.
LaTeX Font Info:    ... okay on input line 86.
LaTeX Font Info:    Checking defaults for OMS/cmsy/m/n on input line 86.
LaTeX Font Info:    ... okay on input line 86.
LaTeX Font Info:    Checking defaults for OT1/cmr/m/n on input line 86.
LaTeX Font Info:    ... okay on input line 86.
LaTeX Font Info:    Checking defaults for T1/cmr/m/n on input line 86.
LaTeX Font Info:    ... okay on input line 86.
LaTeX Font Info:    Checking defaults for TS1/cmr/m/n on input line 86.
LaTeX Font Info:    ... okay on input line 86.
LaTeX Font Info:    Checking defaults for OMX/cmex/m/n on input line 86.
LaTeX Font Info:    ... okay on input line 86.
LaTeX Font Info:    Checking defaults for U/cmr/m/n on input line 86.
LaTeX Font Info:    ... okay on input line 86.
LaTeX Font Info:    Checking defaults for PD1/pdf/m/n on input line 86.
LaTeX Font Info:    ... okay on input line 86.
 (/usr/share/texlive/texmf-dist/tex/context/base/mkii/supp-pdf.mkii
[Loading MPS to PDF converter (version 2006.09.02).]
\scratchcounter=\count281
\scratchdimen=\dimen186
\scratchbox=\box53
\nofMPsegments=\count282
\nofMParguments=\count283
\everyMPshowfont=\toks23
\MPscratchCnt=\count284
\MPscratchDim=\dimen187
\MPnumerator=\count285
\makeMPintoPDFobject=\count286
\everyMPtoPDFconversion=\toks24
) (/usr/share/texlive/texmf-dist/tex/latex/epstopdf-pkg/epstopdf-base.sty
Package: epstopdf-base 2020-01-24 v2.11 Base part for package epstopdf
Package epstopdf-base Info: Redefining graphics rule for `.eps' on input line 4
85.

(/usr/share/texlive/texmf-dist/tex/latex/latexconfig/epstopdf-sys.cfg
File: epstopdf-sys.cfg 2010/07/13 v1.3 Configuration of (r)epstopdf for TeX Liv
e
))
\AtBeginShipoutBox=\box54
Package hyperref Info: Link coloring ON on input line 86.

(/usr/share/texlive/texmf-dist/tex/latex/hyperref/nameref.sty
Package: nameref 2019/09/16 v2.46 Cross-referencing by name of section

(/usr/share/texlive/texmf-dist/tex/latex/refcount/refcount.sty
Package: refcount 2019/12/15 v3.6 Data extraction from label references (HO)
)
(/usr/share/texlive/texmf-dist/tex/generic/gettitlestring/gettitlestring.sty
Package: gettitlestring 2019/12/15 v1.6 Cleanup title references (HO)
)
\c@section@level=\count287
)
LaTeX Info: Redefining \ref on input line 86.
LaTeX Info: Redefining \pageref on input line 86.
LaTeX Info: Redefining \nameref on input line 86.

(./aa-tautau.out) (./aa-tautau.out)
\@outlinefile=\write4
\openout4 = `aa-tautau.out'.

Package caption Info: Begin \AtBeginDocument code.
Package caption Info: End \AtBeginDocument code.
LaTeX Font Info:    Trying to load font information for T1+cmtt on input line 1
11.

(/usr/share/texlive/texmf-dist/tex/latex/base/t1cmtt.fd
File: t1cmtt.fd 2019/12/16 v2.5j Standard LaTeX font definitions
) [1

{/var/lib/texmf/fonts/map/pdftex/updmap/pdftex.map}] (./aa-tautau.toc)
\tf@toc=\write5
\openout5 = `aa-tautau.toc'.

pdfTeX warning (ext4): destination with the same identifier (name{page.1}) has 
been already used, duplicate ignored
<to be read again> 
                   \relax 
l.131 \newpage
               [1] [2]

Package hyperref Warning: Token not allowed in a PDF string (PDFDocEncoding):
(hyperref)                removing `math shift' on input line 157.


Package hyperref Warning: Token not allowed in a PDF string (PDFDocEncoding):
(hyperref)                removing `\gamma' on input line 157.


Package hyperref Warning: Token not allowed in a PDF string (PDFDocEncoding):
(hyperref)                removing `math shift' on input line 157.

Excluding 'comment' comment. [3

] [4] [5

] [6

]

Package hyperref Warning: Token not allowed in a PDF string (PDFDocEncoding):
(hyperref)                removing `math shift' on input line 392.


Package hyperref Warning: Token not allowed in a PDF string (PDFDocEncoding):
(hyperref)                removing `subscript' on input line 392.


Package hyperref Warning: Token not allowed in a PDF string (PDFDocEncoding):
(hyperref)                removing `\tau' on input line 392.


Package hyperref Warning: Token not allowed in a PDF string (PDFDocEncoding):
(hyperref)                removing `math shift' on input line 392.

<./Plots/UPC_FF_vs_FO_chff_5.02e3_cts/pt_lm_exp_vs_NLO.pdf, id=147, 470.95901pt
 x 355.32701pt>
File: ./Plots/UPC_FF_vs_FO_chff_5.02e3_cts/pt_lm_exp_vs_NLO.pdf Graphic file (t
ype pdf)
<use ./Plots/UPC_FF_vs_FO_chff_5.02e3_cts/pt_lm_exp_vs_NLO.pdf>
Package pdftex.def Info: ./Plots/UPC_FF_vs_FO_chff_5.02e3_cts/pt_lm_exp_vs_NLO.
pdf  used on input line 397.
(pdftex.def)             Requested size: 227.62204pt x 171.73155pt.
<./Plots/UPC_FF_vs_FO_chff_5.02e3_cts/abs_eta_lm_exp_vs_NLO.pdf, id=148, 470.95
901pt x 355.32701pt>
File: ./Plots/UPC_FF_vs_FO_chff_5.02e3_cts/abs_eta_lm_exp_vs_NLO.pdf Graphic fi
le (type pdf)
<use ./Plots/UPC_FF_vs_FO_chff_5.02e3_cts/abs_eta_lm_exp_vs_NLO.pdf>
Package pdftex.def Info: ./Plots/UPC_FF_vs_FO_chff_5.02e3_cts/abs_eta_lm_exp_vs
_NLO.pdf  used on input line 399.
(pdftex.def)             Requested size: 227.62204pt x 171.73155pt.
<./Plots/UPC_FF_vs_FO_chff_5.02e3_cts/acoplanarity_lmlp_exp_vs_NLO.pdf, id=149,
 470.95901pt x 355.32701pt>
File: ./Plots/UPC_FF_vs_FO_chff_5.02e3_cts/acoplanarity_lmlp_exp_vs_NLO.pdf Gra
phic file (type pdf)
<use ./Plots/UPC_FF_vs_FO_chff_5.02e3_cts/acoplanarity_lmlp_exp_vs_NLO.pdf>
Package pdftex.def Info: ./Plots/UPC_FF_vs_FO_chff_5.02e3_cts/acoplanarity_lmlp
_exp_vs_NLO.pdf  used on input line 403.
(pdftex.def)             Requested size: 227.62204pt x 171.73155pt.
<./Plots/UPC_FF_vs_FO_chff_5.02e3_cts/cos_th_lmlp_exp_vs_NLO.pdf, id=150, 470.9
5901pt x 355.32701pt>
File: ./Plots/UPC_FF_vs_FO_chff_5.02e3_cts/cos_th_lmlp_exp_vs_NLO.pdf Graphic f
ile (type pdf)
<use ./Plots/UPC_FF_vs_FO_chff_5.02e3_cts/cos_th_lmlp_exp_vs_NLO.pdf>
Package pdftex.def Info: ./Plots/UPC_FF_vs_FO_chff_5.02e3_cts/cos_th_lmlp_exp_v
s_NLO.pdf  used on input line 405.
(pdftex.def)             Requested size: 227.62204pt x 171.73155pt.
[7

 <./Plots/UPC_FF_vs_FO_chff_5.02e3_cts/pt_lm_exp_vs_NLO.pdf> <./Plots/UPC_FF_vs
_FO_chff_5.02e3_cts/abs_eta_lm_exp_vs_NLO.pdf> <./Plots/UPC_FF_vs_FO_chff_5.02e
3_cts/acoplanarity_lmlp_exp_vs_NLO.pdf> <./Plots/UPC_FF_vs_FO_chff_5.02e3_cts/c
os_th_lmlp_exp_vs_NLO.pdf>]

Package hyperref Warning: Token not allowed in a PDF string (PDFDocEncoding):
(hyperref)                removing `math shift' on input line 448.


Package hyperref Warning: Token not allowed in a PDF string (PDFDocEncoding):
(hyperref)                removing `\tau' on input line 448.


Package hyperref Warning: Token not allowed in a PDF string (PDFDocEncoding):
(hyperref)                removing `math shift' on input line 448.

[8

]
<./Plots/PRD_FF_vs_FO_tau_cme_3.8/pt_Lm.pdf, id=344, 470.95901pt x 355.32701pt>

File: ./Plots/PRD_FF_vs_FO_tau_cme_3.8/pt_Lm.pdf Graphic file (type pdf)
<use ./Plots/PRD_FF_vs_FO_tau_cme_3.8/pt_Lm.pdf>
Package pdftex.def Info: ./Plots/PRD_FF_vs_FO_tau_cme_3.8/pt_Lm.pdf  used on in
put line 497.
(pdftex.def)             Requested size: 227.62204pt x 171.73155pt.
<./Plots/PRD_FF_vs_FO_tau_cme_5/pt_Lm.pdf, id=345, 470.95901pt x 355.32701pt>
File: ./Plots/PRD_FF_vs_FO_tau_cme_5/pt_Lm.pdf Graphic file (type pdf)
<use ./Plots/PRD_FF_vs_FO_tau_cme_5/pt_Lm.pdf>
Package pdftex.def Info: ./Plots/PRD_FF_vs_FO_tau_cme_5/pt_Lm.pdf  used on inpu
t line 499.
(pdftex.def)             Requested size: 227.62204pt x 171.73155pt.
<./Plots/PRD_FF_vs_FO_tau_cme_10/pt_Lm.pdf, id=346, 470.95901pt x 355.32701pt>
File: ./Plots/PRD_FF_vs_FO_tau_cme_10/pt_Lm.pdf Graphic file (type pdf)
<use ./Plots/PRD_FF_vs_FO_tau_cme_10/pt_Lm.pdf>
Package pdftex.def Info: ./Plots/PRD_FF_vs_FO_tau_cme_10/pt_Lm.pdf  used on inp
ut line 503.
(pdftex.def)             Requested size: 227.62204pt x 171.73155pt.
<./Plots/PRD_FF_vs_FO_tau_cme_18/pt_Lm.pdf, id=347, 470.95901pt x 355.32701pt>
File: ./Plots/PRD_FF_vs_FO_tau_cme_18/pt_Lm.pdf Graphic file (type pdf)
<use ./Plots/PRD_FF_vs_FO_tau_cme_18/pt_Lm.pdf>
Package pdftex.def Info: ./Plots/PRD_FF_vs_FO_tau_cme_18/pt_Lm.pdf  used on inp
ut line 505.
(pdftex.def)             Requested size: 227.62204pt x 171.73155pt.
<./Plots/PRD_FF_vs_FO_tau_cme_3.8/eta_Lm.pdf, id=348, 470.95901pt x 355.32701pt
>
File: ./Plots/PRD_FF_vs_FO_tau_cme_3.8/eta_Lm.pdf Graphic file (type pdf)
<use ./Plots/PRD_FF_vs_FO_tau_cme_3.8/eta_Lm.pdf>
Package pdftex.def Info: ./Plots/PRD_FF_vs_FO_tau_cme_3.8/eta_Lm.pdf  used on i
nput line 526.
(pdftex.def)             Requested size: 227.62204pt x 171.73155pt.
<./Plots/PRD_FF_vs_FO_tau_cme_5/eta_Lm.pdf, id=349, 470.95901pt x 355.32701pt>
File: ./Plots/PRD_FF_vs_FO_tau_cme_5/eta_Lm.pdf Graphic file (type pdf)
<use ./Plots/PRD_FF_vs_FO_tau_cme_5/eta_Lm.pdf>
Package pdftex.def Info: ./Plots/PRD_FF_vs_FO_tau_cme_5/eta_Lm.pdf  used on inp
ut line 528.
(pdftex.def)             Requested size: 227.62204pt x 171.73155pt.
<./Plots/PRD_FF_vs_FO_tau_cme_10/eta_Lm.pdf, id=350, 470.95901pt x 355.32701pt>

File: ./Plots/PRD_FF_vs_FO_tau_cme_10/eta_Lm.pdf Graphic file (type pdf)
<use ./Plots/PRD_FF_vs_FO_tau_cme_10/eta_Lm.pdf>
Package pdftex.def Info: ./Plots/PRD_FF_vs_FO_tau_cme_10/eta_Lm.pdf  used on in
put line 532.
(pdftex.def)             Requested size: 227.62204pt x 171.73155pt.
<./Plots/PRD_FF_vs_FO_tau_cme_18/eta_Lm.pdf, id=351, 470.95901pt x 355.32701pt>

File: ./Plots/PRD_FF_vs_FO_tau_cme_18/eta_Lm.pdf Graphic file (type pdf)
<use ./Plots/PRD_FF_vs_FO_tau_cme_18/eta_Lm.pdf>
Package pdftex.def Info: ./Plots/PRD_FF_vs_FO_tau_cme_18/eta_Lm.pdf  used on in
put line 534.
(pdftex.def)             Requested size: 227.62204pt x 171.73155pt.
 [9 <./Plots/PRD_FF_vs_FO_tau_cme_3.8/pt_Lm.pdf> <./Plots/PRD_FF_vs_FO_tau_cme_
5/pt_Lm.pdf> <./Plots/PRD_FF_vs_FO_tau_cme_10/pt_Lm.pdf> <./Plots/PRD_FF_vs_FO_
tau_cme_18/pt_Lm.pdf>] [10 <./Plots/PRD_FF_vs_FO_tau_cme_3.8/eta_Lm.pdf> <./Plo
ts/PRD_FF_vs_FO_tau_cme_5/eta_Lm.pdf> <./Plots/PRD_FF_vs_FO_tau_cme_10/eta_Lm.p
df> <./Plots/PRD_FF_vs_FO_tau_cme_18/eta_Lm.pdf>]
<./Plots/PRD_FF_vs_FO_tau_chff_5.02e3/pt_Lm.pdf, id=786, 470.95901pt x 355.3270
1pt>
File: ./Plots/PRD_FF_vs_FO_tau_chff_5.02e3/pt_Lm.pdf Graphic file (type pdf)
<use ./Plots/PRD_FF_vs_FO_tau_chff_5.02e3/pt_Lm.pdf>
Package pdftex.def Info: ./Plots/PRD_FF_vs_FO_tau_chff_5.02e3/pt_Lm.pdf  used o
n input line 579.
(pdftex.def)             Requested size: 227.62204pt x 171.73155pt.
<./Plots/PRD_FF_vs_FO_tau_chff_5.02e3/eta_Lm.pdf, id=787, 470.95901pt x 355.327
01pt>
File: ./Plots/PRD_FF_vs_FO_tau_chff_5.02e3/eta_Lm.pdf Graphic file (type pdf)
<use ./Plots/PRD_FF_vs_FO_tau_chff_5.02e3/eta_Lm.pdf>
Package pdftex.def Info: ./Plots/PRD_FF_vs_FO_tau_chff_5.02e3/eta_Lm.pdf  used 
on input line 581.
(pdftex.def)             Requested size: 227.62204pt x 171.73155pt.
 [11


 <./Plots/PRD_FF_vs_FO_tau_chff_5.02e3/pt_Lm.pdf> <./Plots/PRD_FF_vs_FO_tau_chf
f_5.02e3/eta_Lm.pdf>]

Package hyperref Warning: Token not allowed in a PDF string (PDFDocEncoding):
(hyperref)                removing `math shift' on input line 601.


Package hyperref Warning: Token not allowed in a PDF string (PDFDocEncoding):
(hyperref)                removing `\tau' on input line 601.


Package hyperref Warning: Token not allowed in a PDF string (PDFDocEncoding):
(hyperref)                removing `math shift' on input line 601.


Package hyperref Warning: Token not allowed in a PDF string (PDFDocEncoding):
(hyperref)                removing `math shift' on input line 601.


Package hyperref Warning: Token not allowed in a PDF string (PDFDocEncoding):
(hyperref)                removing `\tau' on input line 601.


Package hyperref Warning: Token not allowed in a PDF string (PDFDocEncoding):
(hyperref)                removing `math shift' on input line 601.

<./Plots/UPC_FF_vs_FO_chff_5.02e3_cts/pt_lm_FF_vs_QED.pdf, id=879, 470.95901pt 
x 355.32701pt>
File: ./Plots/UPC_FF_vs_FO_chff_5.02e3_cts/pt_lm_FF_vs_QED.pdf Graphic file (ty
pe pdf)
<use ./Plots/UPC_FF_vs_FO_chff_5.02e3_cts/pt_lm_FF_vs_QED.pdf>
Package pdftex.def Info: ./Plots/UPC_FF_vs_FO_chff_5.02e3_cts/pt_lm_FF_vs_QED.p
df  used on input line 605.
(pdftex.def)             Requested size: 227.62204pt x 171.73155pt.
<./Plots/UPC_FF_vs_FO_chff_5.02e3_cts/abs_eta_lm_FF_vs_QED.pdf, id=880, 470.959
01pt x 355.32701pt>
File: ./Plots/UPC_FF_vs_FO_chff_5.02e3_cts/abs_eta_lm_FF_vs_QED.pdf Graphic fil
e (type pdf)
<use ./Plots/UPC_FF_vs_FO_chff_5.02e3_cts/abs_eta_lm_FF_vs_QED.pdf>
Package pdftex.def Info: ./Plots/UPC_FF_vs_FO_chff_5.02e3_cts/abs_eta_lm_FF_vs_
QED.pdf  used on input line 607.
(pdftex.def)             Requested size: 227.62204pt x 171.73155pt.
<./Plots/UPC_FF_vs_FO_chff_5.02e3_cts/acoplanarity_lmlp_FF_vs_QED.pdf, id=881, 
470.95901pt x 355.32701pt>
File: ./Plots/UPC_FF_vs_FO_chff_5.02e3_cts/acoplanarity_lmlp_FF_vs_QED.pdf Grap
hic file (type pdf)
<use ./Plots/UPC_FF_vs_FO_chff_5.02e3_cts/acoplanarity_lmlp_FF_vs_QED.pdf>
Package pdftex.def Info: ./Plots/UPC_FF_vs_FO_chff_5.02e3_cts/acoplanarity_lmlp
_FF_vs_QED.pdf  used on input line 611.
(pdftex.def)             Requested size: 227.62204pt x 171.73155pt.
<./Plots/UPC_FF_vs_FO_chff_5.02e3_cts/cos_th_lmlp_FF_vs_QED.pdf, id=882, 470.95
901pt x 355.32701pt>
File: ./Plots/UPC_FF_vs_FO_chff_5.02e3_cts/cos_th_lmlp_FF_vs_QED.pdf Graphic fi
le (type pdf)
<use ./Plots/UPC_FF_vs_FO_chff_5.02e3_cts/cos_th_lmlp_FF_vs_QED.pdf>
Package pdftex.def Info: ./Plots/UPC_FF_vs_FO_chff_5.02e3_cts/cos_th_lmlp_FF_vs
_QED.pdf  used on input line 613.
(pdftex.def)             Requested size: 227.62204pt x 171.73155pt.
Excluding 'comment' comment. [12

 <./Plots/UPC_FF_vs_FO_chff_5.02e3_cts/pt_lm_FF_vs_QED.pdf> <./Plots/UPC_FF_vs_
FO_chff_5.02e3_cts/abs_eta_lm_FF_vs_QED.pdf> <./Plots/UPC_FF_vs_FO_chff_5.02e3_
cts/acoplanarity_lmlp_FF_vs_QED.pdf> <./Plots/UPC_FF_vs_FO_chff_5.02e3_cts/cos_
th_lmlp_FF_vs_QED.pdf>]
<./Plots/UPC_FF_vs_FO_chff_5.02e3/pt_lm_FF_vs_QED.pdf, id=1057, 470.95901pt x 3
55.32701pt>
File: ./Plots/UPC_FF_vs_FO_chff_5.02e3/pt_lm_FF_vs_QED.pdf Graphic file (type p
df)
<use ./Plots/UPC_FF_vs_FO_chff_5.02e3/pt_lm_FF_vs_QED.pdf>
Package pdftex.def Info: ./Plots/UPC_FF_vs_FO_chff_5.02e3/pt_lm_FF_vs_QED.pdf  
used on input line 696.
(pdftex.def)             Requested size: 227.62204pt x 171.73155pt.
<./Plots/UPC_FF_vs_FO_chff_5.02e3/abs_eta_lm_FF_vs_QED.pdf, id=1058, 470.95901p
t x 355.32701pt>
File: ./Plots/UPC_FF_vs_FO_chff_5.02e3/abs_eta_lm_FF_vs_QED.pdf Graphic file (t
ype pdf)
<use ./Plots/UPC_FF_vs_FO_chff_5.02e3/abs_eta_lm_FF_vs_QED.pdf>
Package pdftex.def Info: ./Plots/UPC_FF_vs_FO_chff_5.02e3/abs_eta_lm_FF_vs_QED.
pdf  used on input line 698.
(pdftex.def)             Requested size: 227.62204pt x 171.73155pt.
<./Plots/UPC_FF_vs_FO_chff_5.02e3/acoplanarity_lmlp_FF_vs_QED.pdf, id=1059, 470
.95901pt x 355.32701pt>
File: ./Plots/UPC_FF_vs_FO_chff_5.02e3/acoplanarity_lmlp_FF_vs_QED.pdf Graphic 
file (type pdf)
<use ./Plots/UPC_FF_vs_FO_chff_5.02e3/acoplanarity_lmlp_FF_vs_QED.pdf>
Package pdftex.def Info: ./Plots/UPC_FF_vs_FO_chff_5.02e3/acoplanarity_lmlp_FF_
vs_QED.pdf  used on input line 702.
(pdftex.def)             Requested size: 227.62204pt x 171.73155pt.
<./Plots/UPC_FF_vs_FO_chff_5.02e3/cos_th_lmlp_FF_vs_QED.pdf, id=1060, 470.95901
pt x 355.32701pt>
File: ./Plots/UPC_FF_vs_FO_chff_5.02e3/cos_th_lmlp_FF_vs_QED.pdf Graphic file (
type pdf)
<use ./Plots/UPC_FF_vs_FO_chff_5.02e3/cos_th_lmlp_FF_vs_QED.pdf>
Package pdftex.def Info: ./Plots/UPC_FF_vs_FO_chff_5.02e3/cos_th_lmlp_FF_vs_QED
.pdf  used on input line 704.
(pdftex.def)             Requested size: 227.62204pt x 171.73155pt.
File: ./Plots/UPC_FF_vs_FO_chff_5.02e3/pt_lm_FF_vs_QED.pdf Graphic file (type p
df)
<use ./Plots/UPC_FF_vs_FO_chff_5.02e3/pt_lm_FF_vs_QED.pdf>
Package pdftex.def Info: ./Plots/UPC_FF_vs_FO_chff_5.02e3/pt_lm_FF_vs_QED.pdf  
used on input line 723.
(pdftex.def)             Requested size: 227.62204pt x 171.73155pt.
<./Plots/UPC_FF_vs_FO_chff_5.02e3_cts_1/pt_lm_FF_vs_QED.pdf, id=1061, 470.95901
pt x 355.32701pt>
File: ./Plots/UPC_FF_vs_FO_chff_5.02e3_cts_1/pt_lm_FF_vs_QED.pdf Graphic file (
type pdf)
<use ./Plots/UPC_FF_vs_FO_chff_5.02e3_cts_1/pt_lm_FF_vs_QED.pdf>
Package pdftex.def Info: ./Plots/UPC_FF_vs_FO_chff_5.02e3_cts_1/pt_lm_FF_vs_QED
.pdf  used on input line 725.
(pdftex.def)             Requested size: 227.62204pt x 171.73155pt.
File: ./Plots/UPC_FF_vs_FO_chff_5.02e3_cts/pt_lm_FF_vs_QED.pdf Graphic file (ty
pe pdf)
<use ./Plots/UPC_FF_vs_FO_chff_5.02e3_cts/pt_lm_FF_vs_QED.pdf>
Package pdftex.def Info: ./Plots/UPC_FF_vs_FO_chff_5.02e3_cts/pt_lm_FF_vs_QED.p
df  used on input line 729.
(pdftex.def)             Requested size: 227.62204pt x 171.73155pt.
<./Plots/UPC_FF_vs_FO_chff_5.02e3_cts_2/pt_lm_FF_vs_QED.pdf, id=1062, 470.95901
pt x 355.32701pt>
File: ./Plots/UPC_FF_vs_FO_chff_5.02e3_cts_2/pt_lm_FF_vs_QED.pdf Graphic file (
type pdf)
<use ./Plots/UPC_FF_vs_FO_chff_5.02e3_cts_2/pt_lm_FF_vs_QED.pdf>
Package pdftex.def Info: ./Plots/UPC_FF_vs_FO_chff_5.02e3_cts_2/pt_lm_FF_vs_QED
.pdf  used on input line 731.
(pdftex.def)             Requested size: 227.62204pt x 171.73155pt.
File: ./Plots/UPC_FF_vs_FO_chff_5.02e3/abs_eta_lm_FF_vs_QED.pdf Graphic file (t
ype pdf)
<use ./Plots/UPC_FF_vs_FO_chff_5.02e3/abs_eta_lm_FF_vs_QED.pdf>
Package pdftex.def Info: ./Plots/UPC_FF_vs_FO_chff_5.02e3/abs_eta_lm_FF_vs_QED.
pdf  used on input line 752.
(pdftex.def)             Requested size: 227.62204pt x 171.73155pt.
<./Plots/UPC_FF_vs_FO_chff_5.02e3_cts_1/abs_eta_lm_FF_vs_QED.pdf, id=1063, 470.
95901pt x 355.32701pt>
File: ./Plots/UPC_FF_vs_FO_chff_5.02e3_cts_1/abs_eta_lm_FF_vs_QED.pdf Graphic f
ile (type pdf)
<use ./Plots/UPC_FF_vs_FO_chff_5.02e3_cts_1/abs_eta_lm_FF_vs_QED.pdf>
Package pdftex.def Info: ./Plots/UPC_FF_vs_FO_chff_5.02e3_cts_1/abs_eta_lm_FF_v
s_QED.pdf  used on input line 754.
(pdftex.def)             Requested size: 227.62204pt x 171.73155pt.
File: ./Plots/UPC_FF_vs_FO_chff_5.02e3_cts/abs_eta_lm_FF_vs_QED.pdf Graphic fil
e (type pdf)
<use ./Plots/UPC_FF_vs_FO_chff_5.02e3_cts/abs_eta_lm_FF_vs_QED.pdf>
Package pdftex.def Info: ./Plots/UPC_FF_vs_FO_chff_5.02e3_cts/abs_eta_lm_FF_vs_
QED.pdf  used on input line 758.
(pdftex.def)             Requested size: 227.62204pt x 171.73155pt.
<./Plots/UPC_FF_vs_FO_chff_5.02e3_cts_2/abs_eta_lm_FF_vs_QED.pdf, id=1064, 470.
95901pt x 355.32701pt>
File: ./Plots/UPC_FF_vs_FO_chff_5.02e3_cts_2/abs_eta_lm_FF_vs_QED.pdf Graphic f
ile (type pdf)
<use ./Plots/UPC_FF_vs_FO_chff_5.02e3_cts_2/abs_eta_lm_FF_vs_QED.pdf>
Package pdftex.def Info: ./Plots/UPC_FF_vs_FO_chff_5.02e3_cts_2/abs_eta_lm_FF_v
s_QED.pdf  used on input line 760.
(pdftex.def)             Requested size: 227.62204pt x 171.73155pt.
File: ./Plots/UPC_FF_vs_FO_chff_5.02e3/acoplanarity_lmlp_FF_vs_QED.pdf Graphic 
file (type pdf)
<use ./Plots/UPC_FF_vs_FO_chff_5.02e3/acoplanarity_lmlp_FF_vs_QED.pdf>
Package pdftex.def Info: ./Plots/UPC_FF_vs_FO_chff_5.02e3/acoplanarity_lmlp_FF_
vs_QED.pdf  used on input line 779.
(pdftex.def)             Requested size: 227.62204pt x 171.73155pt.
<./Plots/UPC_FF_vs_FO_chff_5.02e3_cts_1/acoplanarity_lmlp_FF_vs_QED.pdf, id=106
5, 470.95901pt x 355.32701pt>
File: ./Plots/UPC_FF_vs_FO_chff_5.02e3_cts_1/acoplanarity_lmlp_FF_vs_QED.pdf Gr
aphic file (type pdf)
<use ./Plots/UPC_FF_vs_FO_chff_5.02e3_cts_1/acoplanarity_lmlp_FF_vs_QED.pdf>
Package pdftex.def Info: ./Plots/UPC_FF_vs_FO_chff_5.02e3_cts_1/acoplanarity_lm
lp_FF_vs_QED.pdf  used on input line 781.
(pdftex.def)             Requested size: 227.62204pt x 171.73155pt.
File: ./Plots/UPC_FF_vs_FO_chff_5.02e3_cts/acoplanarity_lmlp_FF_vs_QED.pdf Grap
hic file (type pdf)
<use ./Plots/UPC_FF_vs_FO_chff_5.02e3_cts/acoplanarity_lmlp_FF_vs_QED.pdf>
Package pdftex.def Info: ./Plots/UPC_FF_vs_FO_chff_5.02e3_cts/acoplanarity_lmlp
_FF_vs_QED.pdf  used on input line 785.
(pdftex.def)             Requested size: 227.62204pt x 171.73155pt.
<./Plots/UPC_FF_vs_FO_chff_5.02e3_cts_2/acoplanarity_lmlp_FF_vs_QED.pdf, id=106
6, 470.95901pt x 355.32701pt>
File: ./Plots/UPC_FF_vs_FO_chff_5.02e3_cts_2/acoplanarity_lmlp_FF_vs_QED.pdf Gr
aphic file (type pdf)
<use ./Plots/UPC_FF_vs_FO_chff_5.02e3_cts_2/acoplanarity_lmlp_FF_vs_QED.pdf>
Package pdftex.def Info: ./Plots/UPC_FF_vs_FO_chff_5.02e3_cts_2/acoplanarity_lm
lp_FF_vs_QED.pdf  used on input line 787.
(pdftex.def)             Requested size: 227.62204pt x 171.73155pt.
File: ./Plots/UPC_FF_vs_FO_chff_5.02e3/cos_th_lmlp_FF_vs_QED.pdf Graphic file (
type pdf)
<use ./Plots/UPC_FF_vs_FO_chff_5.02e3/cos_th_lmlp_FF_vs_QED.pdf>
Package pdftex.def Info: ./Plots/UPC_FF_vs_FO_chff_5.02e3/cos_th_lmlp_FF_vs_QED
.pdf  used on input line 807.
(pdftex.def)             Requested size: 227.62204pt x 171.73155pt.
<./Plots/UPC_FF_vs_FO_chff_5.02e3_cts_1/cos_th_lmlp_FF_vs_QED.pdf, id=1067, 470
.95901pt x 355.32701pt>
File: ./Plots/UPC_FF_vs_FO_chff_5.02e3_cts_1/cos_th_lmlp_FF_vs_QED.pdf Graphic 
file (type pdf)
<use ./Plots/UPC_FF_vs_FO_chff_5.02e3_cts_1/cos_th_lmlp_FF_vs_QED.pdf>
Package pdftex.def Info: ./Plots/UPC_FF_vs_FO_chff_5.02e3_cts_1/cos_th_lmlp_FF_
vs_QED.pdf  used on input line 809.
(pdftex.def)             Requested size: 227.62204pt x 171.73155pt.
File: ./Plots/UPC_FF_vs_FO_chff_5.02e3_cts/cos_th_lmlp_FF_vs_QED.pdf Graphic fi
le (type pdf)
<use ./Plots/UPC_FF_vs_FO_chff_5.02e3_cts/cos_th_lmlp_FF_vs_QED.pdf>
Package pdftex.def Info: ./Plots/UPC_FF_vs_FO_chff_5.02e3_cts/cos_th_lmlp_FF_vs
_QED.pdf  used on input line 813.
(pdftex.def)             Requested size: 227.62204pt x 171.73155pt.
<./Plots/UPC_FF_vs_FO_chff_5.02e3_cts_2/cos_th_lmlp_FF_vs_QED.pdf, id=1068, 470
.95901pt x 355.32701pt>
File: ./Plots/UPC_FF_vs_FO_chff_5.02e3_cts_2/cos_th_lmlp_FF_vs_QED.pdf Graphic 
file (type pdf)
<use ./Plots/UPC_FF_vs_FO_chff_5.02e3_cts_2/cos_th_lmlp_FF_vs_QED.pdf>
Package pdftex.def Info: ./Plots/UPC_FF_vs_FO_chff_5.02e3_cts_2/cos_th_lmlp_FF_
vs_QED.pdf  used on input line 815.
(pdftex.def)             Requested size: 227.62204pt x 171.73155pt.
 [13

] [14 <./Plots/UPC_FF_vs_FO_chff_5.02e3/pt_lm_FF_vs_QED.pdf> <./Plots/UPC_FF_vs
_FO_chff_5.02e3/abs_eta_lm_FF_vs_QED.pdf> <./Plots/UPC_FF_vs_FO_chff_5.02e3/aco
planarity_lmlp_FF_vs_QED.pdf> <./Plots/UPC_FF_vs_FO_chff_5.02e3/cos_th_lmlp_FF_
vs_QED.pdf>]
[15 <./Plots/UPC_FF_vs_FO_chff_5.02e3_cts_1/pt_lm_FF_vs_QED.pdf> <./Plots/UPC_F
F_vs_FO_chff_5.02e3_cts_2/pt_lm_FF_vs_QED.pdf>] [16 <./Plots/UPC_FF_vs_FO_chff_
5.02e3_cts_1/abs_eta_lm_FF_vs_QED.pdf> <./Plots/UPC_FF_vs_FO_chff_5.02e3_cts_2/
abs_eta_lm_FF_vs_QED.pdf>] [17 <./Plots/UPC_FF_vs_FO_chff_5.02e3_cts_1/acoplana
rity_lmlp_FF_vs_QED.pdf> <./Plots/UPC_FF_vs_FO_chff_5.02e3_cts_2/acoplanarity_l
mlp_FF_vs_QED.pdf>] [18 <./Plots/UPC_FF_vs_FO_chff_5.02e3_cts_1/cos_th_lmlp_FF_
vs_QED.pdf> <./Plots/UPC_FF_vs_FO_chff_5.02e3_cts_2/cos_th_lmlp_FF_vs_QED.pdf>]
[19

] [20

] (./aa-tautau.bbl)
Package atveryend Info: Empty hook `BeforeClearDocument' on input line 874.
 [21]
Package atveryend Info: Empty hook `AfterLastShipout' on input line 874.
 (./aa-tautau.aux)
Package atveryend Info: Executing hook `AtVeryEndDocument' on input line 874.
Package atveryend Info: Executing hook `AtEndAfterFileList' on input line 874.
Package rerunfilecheck Info: File `aa-tautau.out' has not changed.
(rerunfilecheck)             Checksum: 762423243DC794CBBA7FBE7F9DB7FC2E;1320.


LaTeX Warning: There were multiply-defined labels.

Package atveryend Info: Empty hook `AtVeryVeryEnd' on input line 874.
 ) 
Here is how much of TeX's memory you used:
 9589 strings out of 483016
 150573 string characters out of 5961286
 425403 words of memory out of 5000000
 24347 multiletter control sequences out of 15000+600000
 553412 words of font info for 70 fonts, out of 8000000 for 9000
 81 hyphenation exceptions out of 8191
 41i,18n,48p,1413b,375s stack positions out of 5000i,500n,10000p,200000b,80000s
{/usr/share/texmf/fonts/enc/dvips/cm-super/cm-super-t1.enc}{/usr/share/texmf/
fonts/enc/dvips/cm-super/cm-super-ts1.enc}</usr/share/texlive/texmf-dist/fonts/
type1/public/amsfonts/cm/cmex10.pfb></usr/share/texlive/texmf-dist/fonts/type1/
public/amsfonts/cm/cmmi10.pfb></usr/share/texlive/texmf-dist/fonts/type1/public
/amsfonts/cm/cmmi12.pfb></usr/share/texlive/texmf-dist/fonts/type1/public/amsfo
nts/cm/cmmi6.pfb></usr/share/texlive/texmf-dist/fonts/type1/public/amsfonts/cm/
cmmi8.pfb></usr/share/texlive/texmf-dist/fonts/type1/public/amsfonts/cm/cmr12.p
fb></usr/share/texlive/texmf-dist/fonts/type1/public/amsfonts/cm/cmr6.pfb></usr
/share/texlive/texmf-dist/fonts/type1/public/amsfonts/cm/cmr8.pfb></usr/share/t
exlive/texmf-dist/fonts/type1/public/amsfonts/cm/cmsy10.pfb></usr/share/texlive
/texmf-dist/fonts/type1/public/amsfonts/cm/cmsy8.pfb></usr/share/texmf/fonts/ty
pe1/public/cm-super/sfbx1095.pfb></usr/share/texmf/fonts/type1/public/cm-super/
sfbx1200.pfb></usr/share/texmf/fonts/type1/public/cm-super/sfbx1440.pfb></usr/s
hare/texmf/fonts/type1/public/cm-super/sfbx1728.pfb></usr/share/texmf/fonts/typ
e1/public/cm-super/sfbx2074.pfb></usr/share/texmf/fonts/type1/public/cm-super/s
fcc1200.pfb></usr/share/texmf/fonts/type1/public/cm-super/sfrm0600.pfb></usr/sh
are/texmf/fonts/type1/public/cm-super/sfrm0700.pfb></usr/share/texmf/fonts/type
1/public/cm-super/sfrm0800.pfb></usr/share/texmf/fonts/type1/public/cm-super/sf
rm1000.pfb></usr/share/texmf/fonts/type1/public/cm-super/sfrm1095.pfb></usr/sha
re/texmf/fonts/type1/public/cm-super/sfrm1200.pfb></usr/share/texmf/fonts/type1
/public/cm-super/sfrm1440.pfb></usr/share/texmf/fonts/type1/public/cm-super/sft
i1095.pfb></usr/share/texmf/fonts/type1/public/cm-super/sfti1200.pfb></usr/shar
e/texmf/fonts/type1/public/cm-super/sftt1000.pfb></usr/share/texmf/fonts/type1/
public/cm-super/sftt1200.pfb></usr/share/texlive/texmf-dist/fonts/type1/urw/zap
fding/uzdr.pfb>
Output written on aa-tautau.pdf (22 pages, 873362 bytes).
PDF statistics:
 1781 PDF objects out of 2073 (max. 8388607)
 591 compressed objects within 6 object streams
 66 named destinations out of 1000 (max. 500000)
 279 words of extra memory for PDF output out of 10000 (max. 10000000)

